[debug] [2025-02-08T18:50:20.450Z] ----------------------------------------------------------------------
[debug] [2025-02-08T18:50:20.451Z] Command:       /Users/noahcovey/.nvm/versions/node/v18.20.4/bin/node /usr/local/bin/firebase deploy --only hosting
[debug] [2025-02-08T18:50:20.452Z] CLI Version:   13.0.1
[debug] [2025-02-08T18:50:20.452Z] Platform:      darwin
[debug] [2025-02-08T18:50:20.452Z] Node Version:  v18.20.4
[debug] [2025-02-08T18:50:20.453Z] Time:          Sat Feb 08 2025 13:50:20 GMT-0500 (Eastern Standard Time)
[debug] [2025-02-08T18:50:20.453Z] ----------------------------------------------------------------------
[debug] 
[debug] [2025-02-08T18:50:20.454Z] >>> [apiv2][query] GET https://firebase-public.firebaseio.com/cli.json [none]
[debug] [2025-02-08T18:50:20.506Z] > command requires scopes: ["email","openid","https://www.googleapis.com/auth/cloudplatformprojects.readonly","https://www.googleapis.com/auth/firebase","https://www.googleapis.com/auth/cloud-platform"]
[debug] [2025-02-08T18:50:20.507Z] > authorizing via signed-in user (nmcovey1@gmail.com)
[debug] [2025-02-08T18:50:20.507Z] [iam] checking project divine-comedy-commentary-hub for permissions ["firebase.projects.get","firebasehosting.sites.update"]
[debug] [2025-02-08T18:50:20.507Z] > refreshing access token with scopes: []
[debug] [2025-02-08T18:50:20.508Z] >>> [apiv2][query] POST https://www.googleapis.com/oauth2/v3/token [none]
[debug] [2025-02-08T18:50:20.508Z] >>> [apiv2][body] POST https://www.googleapis.com/oauth2/v3/token [omitted]
[debug] [2025-02-08T18:50:20.607Z] <<< [apiv2][status] GET https://firebase-public.firebaseio.com/cli.json 200
[debug] [2025-02-08T18:50:20.607Z] <<< [apiv2][body] GET https://firebase-public.firebaseio.com/cli.json {"cloudBuildErrorAfter":1594252800000,"cloudBuildWarnAfter":1590019200000,"defaultNode10After":1594252800000,"minVersion":"3.0.5","node8DeploysDisabledAfter":1613390400000,"node8RuntimeDisabledAfter":1615809600000,"node8WarnAfter":1600128000000}
[debug] [2025-02-08T18:50:20.628Z] <<< [apiv2][status] POST https://www.googleapis.com/oauth2/v3/token 400
[debug] [2025-02-08T18:50:20.628Z] <<< [apiv2][body] POST https://www.googleapis.com/oauth2/v3/token [omitted]
[debug] [2025-02-08T18:50:20.628Z] >>> [apiv2][query] POST https://cloudresourcemanager.googleapis.com/v1/projects/divine-comedy-commentary-hub:testIamPermissions [none]
[debug] [2025-02-08T18:50:20.628Z] >>> [apiv2][(partial)header] POST https://cloudresourcemanager.googleapis.com/v1/projects/divine-comedy-commentary-hub:testIamPermissions x-goog-quota-user=projects/divine-comedy-commentary-hub
[debug] [2025-02-08T18:50:20.628Z] >>> [apiv2][body] POST https://cloudresourcemanager.googleapis.com/v1/projects/divine-comedy-commentary-hub:testIamPermissions {"permissions":["firebase.projects.get","firebasehosting.sites.update"]}
[debug] [2025-02-08T18:50:20.816Z] <<< [apiv2][status] POST https://cloudresourcemanager.googleapis.com/v1/projects/divine-comedy-commentary-hub:testIamPermissions 401
[debug] [2025-02-08T18:50:20.817Z] <<< [apiv2][body] POST https://cloudresourcemanager.googleapis.com/v1/projects/divine-comedy-commentary-hub:testIamPermissions {"error":{"code":401,"message":"Request had invalid authentication credentials. Expected OAuth 2 access token, login cookie or other valid authentication credential. See https://developers.google.com/identity/sign-in/web/devconsole-project.","status":"UNAUTHENTICATED","details":[{"@type":"type.googleapis.com/google.rpc.ErrorInfo","reason":"ACCESS_TOKEN_TYPE_UNSUPPORTED","metadata":{"method":"google.cloudresourcemanager.v1.Projects.TestIamPermissions","service":"cloudresourcemanager.googleapis.com"}}]}}
[debug] [2025-02-08T18:50:20.818Z] [iam] error while checking permissions, command may fail: FirebaseError: HTTP Error: 401, Request had invalid authentication credentials. Expected OAuth 2 access token, login cookie or other valid authentication credential. See https://developers.google.com/identity/sign-in/web/devconsole-project.
[debug] [2025-02-08T18:50:20.819Z] > refreshing access token with scopes: []
[debug] [2025-02-08T18:50:20.820Z] >>> [apiv2][query] POST https://www.googleapis.com/oauth2/v3/token [none]
[debug] [2025-02-08T18:50:20.820Z] >>> [apiv2][body] POST https://www.googleapis.com/oauth2/v3/token [omitted]
[debug] [2025-02-08T18:50:20.912Z] <<< [apiv2][status] POST https://www.googleapis.com/oauth2/v3/token 400
[debug] [2025-02-08T18:50:20.913Z] <<< [apiv2][body] POST https://www.googleapis.com/oauth2/v3/token [omitted]
[debug] [2025-02-08T18:50:20.913Z] >>> [apiv2][query] GET https://firebase.googleapis.com/v1beta1/projects/divine-comedy-commentary-hub [none]
[debug] [2025-02-08T18:50:21.083Z] <<< [apiv2][status] GET https://firebase.googleapis.com/v1beta1/projects/divine-comedy-commentary-hub 401
[debug] [2025-02-08T18:50:21.083Z] <<< [apiv2][body] GET https://firebase.googleapis.com/v1beta1/projects/divine-comedy-commentary-hub {"error":{"code":401,"message":"Request had invalid authentication credentials. Expected OAuth 2 access token, login cookie or other valid authentication credential. See https://developers.google.com/identity/sign-in/web/devconsole-project.","status":"UNAUTHENTICATED"}}
[debug] [2025-02-08T18:50:21.083Z] HTTP Error: 401, Request had invalid authentication credentials. Expected OAuth 2 access token, login cookie or other valid authentication credential. See https://developers.google.com/identity/sign-in/web/devconsole-project.
[error] 
[error] Error: Assertion failed: resolving hosting target of a site with no site name or target name. This should have caused an error earlier
